2026-01-28 22:58:06,412 - src.gui.main_window - INFO - Loaded file: E:/Downloads/12_08_34/12_08_34.ser
2026-01-29 07:33:34,806 - src.gui.main_window - INFO - Loaded file: E:\test\Kiro_ser\ser\12_08_34.ser
2026-01-29 07:36:08,712 - src.gui.main_window - INFO - Loaded file: E:\test\Kiro_ser\ser\12_08_34.ser
2026-01-29 07:47:40,382 - src.gui.main_window - INFO - Loaded file: E:\test\Kiro_ser\ser\12_08_34.ser
2026-01-29 07:52:25,877 - src.gui.main_window - INFO - Loaded file: E:\test\Kiro_ser\ser\2023-11-11-0244_2-MPO.ser
2026-01-29 08:24:37,428 - src.gui.main_window - INFO - Loaded file: E:\test\Kiro_ser\ser\2023-11-11-0244_2-MPO.ser
2026-01-29 09:25:11,666 - src.gui.main_window - INFO - Loaded file: E:\test\Kiro_ser\ser\2022-10-25-0055_2.ser
2026-01-29 09:25:58,014 - src.stacker - INFO - Stacking 8984 frames using average method
2026-01-29 09:26:08,167 - src.gui.main_window - INFO - Stacked 8984 frames using average method to E:/test/Kiro_ser/image/test.png
2026-01-29 09:26:42,361 - src.stacker - INFO - Stacking 8984 frames using average method
2026-01-29 09:27:01,328 - src.gui.main_window - INFO - Stacked 8984 frames using average method to E:/test/Kiro_ser/image/avg.png
2026-01-29 09:27:12,772 - src.stacker - INFO - Stacking 8984 frames using median method
2026-01-29 09:28:56,298 - src.gui.main_window - INFO - Stacked 8984 frames using median method to E:/test/Kiro_ser/image/mid.png
2026-01-29 09:29:06,588 - src.stacker - INFO - Stacking 8984 frames using sum method
2026-01-29 09:29:15,963 - src.gui.main_window - INFO - Stacked 8984 frames using sum method to E:/test/Kiro_ser/image/sum.png
2026-01-29 09:56:34,474 - src.gui.main_window - INFO - Loaded file: E:\test\Kiro_ser\ser\2022-10-25-0055_2.ser
2026-01-29 09:56:49,399 - src.stacker - INFO - Stacking 8984 frames using average method
2026-01-29 09:56:59,110 - src.gui.main_window - INFO - Stacked 8984 frames using average method to E:/test/Kiro_ser/image/avg1.png
2026-01-29 09:57:17,345 - src.stacker - INFO - Stacking 8984 frames using median method
2026-01-29 09:57:59,327 - src.gui.main_window - ERROR - Error stacking frames: Unable to allocate 27.4 GiB for an array with shape (8984, 640, 640) and data type float64
2026-01-29 10:40:59,701 - src.gui.main_window - INFO - Loaded file: E:\test\Kiro_ser\ser\2022-10-25-0055_2.ser
2026-01-29 10:41:24,133 - src.stacker - INFO - Stacking 8984 frames using sum method
2026-01-29 10:41:33,625 - src.gui.main_window - INFO - Stacked 8984 frames using sum method to E:/test/Kiro_ser/image/sum1.png
2026-01-29 10:41:50,108 - src.stacker - INFO - Stacking 8984 frames using median method
2026-01-29 10:43:51,373 - src.gui.main_window - ERROR - Error stacking frames: Unable to allocate 27.4 GiB for an array with shape (8984, 640, 640) and data type float64
2026-01-29 11:02:19,187 - src.gui.main_window - INFO - Loaded file: E:\test\Kiro_ser\ser\2022-10-25-0055_2.ser
2026-01-29 11:02:46,854 - src.stacker - INFO - Stacking 8984 frames using median method
2026-01-29 11:02:46,854 - src.stacker - WARNING - Median stacking requires approximately 14037.5 MB of memory. Consider using 'average' method for large files.
2026-01-29 11:02:46,854 - src.stacker - INFO - Loading 8984 frames for median (total: 14037.5 MB)
2026-01-29 11:04:11,705 - src.gui.main_window - INFO - Stacked 8984 frames using median method to E:/test/Kiro_ser/image/med1.png
2026-01-29 11:19:51,166 - src.gui.main_window - INFO - Loaded file: E:\test\Kiro_ser\ser\2022-10-25-0055_2.ser
2026-01-29 11:27:07,360 - src.gui.main_window - INFO - Loaded file: E:\test\Kiro_ser\ser\2022-10-25-0055_2.ser
2026-01-29 11:36:38,262 - src.gui.main_window - INFO - Changed CYYM pattern to: YCMY
2026-01-29 11:36:41,470 - src.gui.main_window - INFO - Loaded file: E:\test\Kiro_ser\ser\2022-10-25-0055_2.ser
2026-01-29 11:37:09,849 - src.stacker - INFO - Stacking 8984 frames using average method
2026-01-29 11:37:44,189 - src.gui.main_window - INFO - Stacked 8984 frames using average method to E:/test/Kiro_ser/image/avg2.png
2026-01-29 14:00:54,213 - src.gui.main_window - INFO - Changed CYYM pattern to: CYYM
2026-01-29 14:00:58,976 - src.gui.main_window - INFO - Loaded file: E:\test\Kiro_ser\ser\2022-10-25-0055_2.ser
2026-01-29 14:01:06,514 - src.gui.main_window - INFO - Changed CYYM pattern to: YCMY
2026-01-29 14:01:15,061 - src.gui.main_window - INFO - Changed CYYM pattern to: YMCY
2026-01-29 14:01:23,405 - src.gui.main_window - INFO - Changed CYYM pattern to: MYYC
2026-01-29 14:01:30,926 - src.gui.main_window - INFO - Changed CYYM pattern to: YCMY
2026-01-29 14:03:29,604 - src.gui.main_window - INFO - Loaded file: E:/Downloads/Jup_200415_204534_R_F0001-0300/Jup_200415_204534_R_F0001-0300.ser
2026-01-29 14:03:41,684 - src.gui.main_window - INFO - Changed CYYM pattern to: YCMY
2026-01-29 14:03:48,536 - src.gui.main_window - INFO - Changed CYYM pattern to: YCMY
2026-01-29 14:03:55,755 - src.gui.main_window - INFO - Changed CYYM pattern to: YMCY
2026-01-29 14:04:06,304 - src.gui.main_window - INFO - Changed CYYM pattern to: MYYC
2026-01-29 14:14:12,279 - src.gui.main_window - INFO - CYYM file detected. Camera: ZWO ASI183MC                            , Auto-selected pattern: YCMY
2026-01-29 14:14:13,459 - src.gui.main_window - INFO - Loaded file: E:\test\Kiro_ser\ser\2022-10-25-0055_2.ser
2026-01-29 14:19:13,526 - src.stacker - INFO - Stacking 8984 frames using average method
2026-01-29 14:19:29,535 - src.gui.main_window - INFO - Stacked 8984 frames using average method to E:/test/Kiro_ser/image/avg3.png
2026-01-29 14:23:58,528 - src.gui.main_window - INFO - CYYM file detected. Camera: ZWO ASI183MC                            , Auto-selected pattern: YCMY
2026-01-29 14:23:59,199 - src.gui.main_window - INFO - Loaded file: E:\test\Kiro_ser\ser\2022-10-25-0055_2.ser
2026-01-29 14:25:50,982 - src.gui.main_window - INFO - CYYM file detected. Camera: ZWO ASI183MC                            , Auto-selected pattern: YCMY
2026-01-29 14:25:51,623 - src.gui.main_window - INFO - Loaded file: E:\test\Kiro_ser\ser\2022-10-25-0055_2.ser
2026-01-29 16:35:46,716 - src.gui.main_window - INFO - CYYM file detected. Camera: ZWO ASI183MC                            , Auto-selected pattern: YCMY
2026-01-29 16:35:47,924 - src.gui.main_window - INFO - Loaded file: E:\test\Kiro_ser\ser\2022-10-25-0055_2.ser
2026-01-29 16:36:58,969 - src.stacker - INFO - Stacking 8984 frames using sum method
2026-01-29 16:37:13,923 - src.gui.main_window - INFO - Stacked 8984 frames using sum method to E:/test/Kiro_ser/image/sum2.png
2026-01-29 16:41:32,631 - src.gui.main_window - INFO - CYYM file detected. Camera: ZWO ASI183MC                            , Auto-selected pattern: YCMY
2026-01-29 16:41:33,226 - src.gui.main_window - INFO - Loaded file: E:\test\Kiro_ser\ser\2022-10-25-0055_2.ser
2026-01-29 16:44:48,947 - src.gui.main_window - INFO - CYYM file detected. Camera: ZWO ASI183MC                            , Auto-selected pattern: YCMY
2026-01-29 16:44:49,697 - src.gui.main_window - INFO - Loaded file: E:\test\Kiro_ser\ser\2022-10-25-0055_2.ser
2026-01-29 16:47:04,467 - src.gui.main_window - INFO - CYYM file detected. Camera: ZWO ASI183MC                            , Auto-selected pattern: YCMY
2026-01-29 16:47:05,138 - src.gui.main_window - INFO - Loaded file: E:\test\Kiro_ser\ser\2022-10-25-0055_2.ser
2026-01-29 20:07:54,991 - src.gui.main_window - INFO - CYYM file detected. Camera: ZWO ASI183MC                            , Auto-selected pattern: YCMY
2026-01-29 20:07:56,039 - src.gui.main_window - INFO - Loaded file: E:\test\Kiro_ser\ser\2022-10-25-0055_2.ser
2026-01-29 20:39:28,581 - src.gui.main_window - ERROR - Unexpected error loading file
Traceback (most recent call last):
  File "E:\test\Kiro_ser\src\gui\main_window.py", line 694, in _load_file
    detected_pattern = ImageProcessor.detect_cyym_pattern(
NameError: name 'ImageProcessor' is not defined
2026-01-29 20:42:41,809 - src.gui.main_window - ERROR - Unexpected error loading file
Traceback (most recent call last):
  File "E:\test\Kiro_ser\src\gui\main_window.py", line 694, in _load_file
    detected_pattern = ImageProcessor.detect_cyym_pattern(
NameError: name 'ImageProcessor' is not defined
2026-01-29 20:45:10,080 - src.gui.main_window - INFO - CYYM file detected. Camera: ZWO ASI183MC                            , Auto-selected pattern: YCMY
2026-01-29 20:45:10,705 - src.gui.main_window - INFO - Loaded file: E:\test\Kiro_ser\ser\2022-10-25-0055_2.ser
2026-01-29 20:45:28,903 - src.stacker - INFO - Stacking 8984 frames using average method
2026-01-29 20:45:39,388 - src.gui.main_window - INFO - Applied reference-style enhancements
2026-01-29 20:45:40,955 - src.gui.main_window - INFO - Stacked 8984 frames using average method to E:/test/Kiro_ser/image/avg4.png
2026-01-29 20:45:55,374 - src.stacker - INFO - Stacking 8984 frames using sum method
2026-01-29 20:46:04,263 - src.gui.main_window - INFO - Applied reference-style enhancements
2026-01-29 20:46:05,503 - src.gui.main_window - INFO - Stacked 8984 frames using sum method to E:/test/Kiro_ser/image/sum3.png
2026-01-29 21:16:46,460 - src.gui.main_window - INFO - CYYM file detected. Camera: ZWO ASI183MC                            , Auto-selected pattern: YCMY
2026-01-29 21:16:47,162 - src.gui.main_window - INFO - Loaded file: E:\test\Kiro_ser\ser\2022-10-25-0055_2.ser
2026-01-29 21:17:05,228 - src.stacker - INFO - Stacking 8984 frames using average method
2026-01-29 21:17:13,294 - src.gui.main_window - INFO - Saved original stacked image to: E:/test/Kiro_ser/image\2022-10-25-0055_2_average_original_20260129_211705.png
2026-01-29 21:17:16,489 - src.gui.main_window - INFO - Applied reference-style enhancements
2026-01-29 21:17:16,498 - src.gui.main_window - INFO - Saved enhanced stacked image to: E:/test/Kiro_ser/image\2022-10-25-0055_2_average_enhanced_20260129_211705.png
2026-01-29 21:17:18,166 - src.gui.main_window - INFO - Stacked 8984 frames using average method
2026-01-29 21:44:44,879 - src.gui.main_window - INFO - CYYM file detected. Camera: ZWO ASI183MC                            , Auto-selected pattern: YCMY
2026-01-29 21:44:45,598 - src.gui.main_window - INFO - Loaded file: E:\test\Kiro_ser\ser\2022-10-25-0055_2.ser
2026-01-29 21:44:55,935 - src.stacker - INFO - Stacking 8984 frames using average method
2026-01-29 21:45:03,802 - src.gui.main_window - INFO - Saved original stacked image to: E:/test/Kiro_ser/image\2022-10-25-0055_2_average_original_20260129_214455.png
2026-01-29 21:45:34,118 - src.gui.main_window - INFO - Saved enhanced stacked image to: E:/test/Kiro_ser/image\2022-10-25-0055_2_average_enhanced_20260129_214455.png
2026-01-29 21:45:35,703 - src.gui.main_window - INFO - Stacked 8984 frames using average method
2026-01-29 21:46:50,908 - src.gui.main_window - INFO - CYYM file detected. Camera: ZWO ASI183MC                            , Auto-selected pattern: YCMY
2026-01-29 21:46:51,603 - src.gui.main_window - INFO - Loaded file: E:\test\Kiro_ser\ser\2022-10-25-0055_2.ser
2026-01-29 21:46:55,909 - src.stacker - INFO - Stacking 8984 frames using average method
2026-01-29 21:47:03,556 - src.gui.main_window - INFO - Saved original stacked image to: E:/test/Kiro_ser/image\2022-10-25-0055_2_average_original_20260129_214655.png
2026-01-29 21:47:33,722 - src.gui.main_window - INFO - Saved enhanced stacked image to: E:/test/Kiro_ser/image\2022-10-25-0055_2_average_enhanced_20260129_214655.png
2026-01-29 21:47:35,062 - src.gui.main_window - INFO - Stacked 8984 frames using average method
2026-01-29 21:48:06,017 - src.stacker - INFO - Stacking 8984 frames using sum method
2026-01-29 21:48:13,614 - src.gui.main_window - INFO - Saved original stacked image to: E:/test/Kiro_ser/image\2022-10-25-0055_2_sum_original_20260129_214806.png
2026-01-29 21:49:34,708 - src.gui.main_window - INFO - Stacked 8984 frames using sum method
2026-01-29 21:52:16,519 - src.gui.main_window - INFO - CYYM file detected. Camera: ZWO ASI183MC                            , Auto-selected pattern: YCMY
2026-01-29 21:52:17,397 - src.gui.main_window - INFO - Loaded file: E:\test\Kiro_ser\ser\2022-10-25-0055_2.ser
2026-01-29 21:52:21,594 - src.stacker - INFO - Stacking 8984 frames using average method
2026-01-29 21:52:29,124 - src.gui.main_window - INFO - Saved original stacked image to: E:/test/Kiro_ser/image\2022-10-25-0055_2_average_original_20260129_215221.png
2026-01-29 21:54:04,614 - src.gui.main_window - INFO - Stacked 8984 frames using average method
2026-01-29 21:54:28,659 - src.gui.main_window - INFO - CYYM file detected. Camera: ZWO ASI183MC                            , Auto-selected pattern: YCMY
2026-01-29 21:54:29,316 - src.gui.main_window - INFO - Loaded file: E:\test\Kiro_ser\ser\2022-10-25-0055_2.ser
2026-01-29 21:54:34,928 - src.stacker - INFO - Stacking 8984 frames using sum method
2026-01-29 21:54:42,332 - src.gui.main_window - INFO - Saved original stacked image to: E:/test/Kiro_ser/image\2022-10-25-0055_2_sum_original_20260129_215434.png
2026-01-29 21:55:45,049 - src.gui.main_window - INFO - Saved enhanced stacked image to: E:/test/Kiro_ser/image\2022-10-25-0055_2_sum_enhanced_20260129_215434.png
2026-01-29 21:55:46,417 - src.gui.main_window - INFO - Stacked 8984 frames using sum method
2026-01-29 21:57:45,974 - src.gui.main_window - INFO - CYYM file detected. Camera: ZWO ASI183MC                            , Auto-selected pattern: YCMY
2026-01-29 21:57:46,652 - src.gui.main_window - INFO - Loaded file: E:\test\Kiro_ser\ser\2022-10-25-0055_2.ser
2026-01-29 21:57:53,896 - src.stacker - INFO - Stacking 8984 frames using median method
2026-01-29 21:57:53,897 - src.stacker - WARNING - Median stacking requires approximately 14037.5 MB of memory. Consider using 'average' method for large files.
2026-01-29 21:57:53,897 - src.stacker - INFO - Loading 8984 frames for median (total: 14037.5 MB)
2026-01-29 21:59:12,754 - src.gui.main_window - INFO - Saved original stacked image to: E:/test/Kiro_ser/image\2022-10-25-0055_2_median_original_20260129_215753.png
2026-01-29 22:00:08,499 - src.gui.main_window - INFO - Saved enhanced stacked image to: E:/test/Kiro_ser/image\2022-10-25-0055_2_median_enhanced_20260129_215753.png
2026-01-29 22:00:09,790 - src.gui.main_window - INFO - Stacked 8984 frames using median method
2026-01-29 22:00:13,927 - src.stacker - INFO - Stacking 8984 frames using average method
2026-01-29 22:00:21,349 - src.gui.main_window - INFO - Saved original stacked image to: E:/test/Kiro_ser/image\2022-10-25-0055_2_average_original_20260129_220013.png
2026-01-29 22:01:25,997 - src.gui.main_window - INFO - Stacked 8984 frames using average method
2026-01-29 22:02:59,708 - src.gui.main_window - INFO - CYYM file detected. Camera: ZWO ASI183MC                            , Auto-selected pattern: YCMY
2026-01-29 22:03:00,395 - src.gui.main_window - INFO - Loaded file: E:\test\Kiro_ser\ser\2022-10-25-0055_2.ser
2026-01-29 22:03:06,091 - src.stacker - INFO - Stacking 8984 frames using sum method
2026-01-29 22:03:13,396 - src.gui.main_window - INFO - Saved original stacked image to: E:/test/Kiro_ser/image\2022-10-25-0055_2_sum_original_20260129_220306.png
2026-01-29 22:04:24,719 - src.gui.main_window - INFO - Stacked 8984 frames using sum method
2026-01-29 22:04:57,676 - src.gui.main_window - INFO - CYYM file detected. Camera: ZWO ASI183MC                            , Auto-selected pattern: YCMY
2026-01-29 22:04:58,362 - src.gui.main_window - INFO - Loaded file: E:\test\Kiro_ser\ser\2022-10-25-0055_2.ser
2026-01-29 22:05:01,566 - src.stacker - INFO - Stacking 8984 frames using average method
2026-01-29 22:05:09,028 - src.gui.main_window - INFO - Saved original stacked image to: E:/test/Kiro_ser/image\2022-10-25-0055_2_average_original_20260129_220501.png
2026-01-29 22:06:27,668 - src.gui.main_window - INFO - Saved enhanced stacked image to: E:/test/Kiro_ser/image\2022-10-25-0055_2_average_enhanced_20260129_220501.png
2026-01-29 22:06:31,327 - src.gui.main_window - INFO - Stacked 8984 frames using average method
2026-01-30 10:07:28,243 - src.gui.main_window - INFO - CYYM file detected. Camera: ZWO ASI183MC                            , Auto-selected pattern: YCMY
2026-01-30 10:07:33,079 - src.gui.main_window - INFO - Loaded SER file: E:\test\Kiro_ser\ser\2022-10-25-0055_2.ser
2026-01-30 10:07:58,035 - src.gui.main_window - INFO - Loaded AVI file: E:/test/Kiro_ser/avi/2025-01-10-220715-Lunar-RAW.avi
2026-01-30 10:08:09,269 - src.stacker - INFO - Stacking 1382 frames using average method
2026-01-30 10:09:16,141 - src.gui.main_window - INFO - Saved original stacked image to: E:/test/Kiro_ser/image\2025-01-10-220715-Lunar-RAW_average_original_20260130_100809.png
2026-01-30 10:10:34,334 - src.gui.main_window - INFO - Stacked 1382 frames using average method
2026-01-30 10:14:36,904 - src.gui.main_window - INFO - CYYM file detected. Camera: ZWO ASI183MC                            , Auto-selected pattern: YCMY
2026-01-30 10:14:37,687 - src.gui.main_window - INFO - Loaded SER file: E:\test\Kiro_ser\ser\2022-10-25-0055_2.ser
2026-01-30 10:14:43,786 - src.gui.main_window - INFO - Loaded AVI file: E:/test/Kiro_ser/avi/2025-01-10-220715-Lunar-RAW.avi
2026-01-30 10:14:48,153 - src.stacker - INFO - AVI file detected - enabling frame alignment
2026-01-30 10:14:48,154 - src.stacker - INFO - Stacking 1382 frames using average method (align=True)
2026-01-30 10:14:48,160 - src.stacker - INFO - Aligning frames for sharp stacking...
2026-01-30 10:16:32,895 - src.stacker - INFO - Successfully aligned 254/1382 frames
2026-01-30 10:16:36,210 - src.gui.main_window - INFO - Saved original stacked image to: E:/test/Kiro_ser/image\2025-01-10-220715-Lunar-RAW_average_original_20260130_101448.png
2026-01-30 10:16:50,770 - src.gui.main_window - INFO - Stacked 1382 frames using average method
2026-01-30 10:20:09,996 - src.gui.main_window - INFO - CYYM file detected. Camera: ZWO ASI183MC                            , Auto-selected pattern: YCMY
2026-01-30 10:20:10,970 - src.gui.main_window - INFO - Loaded SER file: E:\test\Kiro_ser\ser\2022-10-25-0055_2.ser
2026-01-30 10:20:26,901 - src.gui.main_window - INFO - Loaded AVI file: E:/test/Kiro_ser/avi/2025-01-10-220715-Lunar-RAW.avi
2026-01-30 10:20:32,098 - src.stacker - INFO - AVI file detected - enabling frame alignment
2026-01-30 10:20:32,099 - src.stacker - INFO - Stacking 1382 frames using average method (align=True)
2026-01-30 10:20:32,105 - src.stacker - INFO - Aligning frames for sharp stacking...
2026-01-30 11:29:31,745 - src.stacker - INFO - Successfully aligned 1382/1382 frames
2026-01-30 11:29:50,417 - src.gui.main_window - INFO - Saved original stacked image to: E:/test/Kiro_ser/image\2025-01-10-220715-Lunar-RAW_average_original_20260130_102032.png
2026-01-30 11:30:15,392 - src.gui.main_window - INFO - Saved enhanced stacked image to: E:/test/Kiro_ser/image\2025-01-10-220715-Lunar-RAW_average_enhanced_20260130_102032.png
2026-01-30 11:30:17,151 - src.gui.main_window - INFO - Stacked 1382 frames using average method
2026-01-30 14:16:20,093 - src.gui.main_window - INFO - CYYM file detected. Camera: ZWO ASI183MC                            , Auto-selected pattern: YCMY
2026-01-30 14:16:23,234 - src.gui.main_window - INFO - Loaded SER file: E:\test\Kiro_ser\ser\2022-10-25-0055_2.ser
2026-01-30 14:20:59,870 - src.gui.main_window - INFO - CYYM file detected. Camera: ZWO ASI183MC                            , Auto-selected pattern: YCMY
2026-01-30 14:21:00,492 - src.gui.main_window - INFO - Loaded SER file: E:\test\Kiro_ser\ser\2022-10-25-0055_2.ser
2026-01-30 14:26:32,183 - src.gui.main_window - INFO - CYYM file detected. Camera: ZWO ASI183MC                            , Auto-selected pattern: YCMY
2026-01-30 14:26:32,782 - src.gui.main_window - INFO - Loaded SER file: E:\test\Kiro_ser\ser\2022-10-25-0055_2.ser
2026-01-30 14:26:56,620 - src.gui.main_window - INFO - Saved enhanced image to: E:/test/Kiro_ser/image/2025-01-10-220715-Lunar-RAW_average_original_20260130_102032_enhanced.png
2026-01-30 14:29:42,342 - src.gui.main_window - INFO - CYYM file detected. Camera: ZWO ASI183MC                            , Auto-selected pattern: YCMY
2026-01-30 14:29:42,956 - src.gui.main_window - INFO - Loaded SER file: E:\test\Kiro_ser\ser\2022-10-25-0055_2.ser
2026-01-30 14:30:08,198 - src.gui.main_window - INFO - Saved enhanced image to: E:/test/Kiro_ser/image/2025-01-10-220715-Lunar-RAW_average_original_20260130_102032_enhanced.png
2026-01-30 14:32:39,841 - src.gui.main_window - INFO - CYYM file detected. Camera: ZWO ASI183MC                            , Auto-selected pattern: YCMY
2026-01-30 14:32:40,466 - src.gui.main_window - INFO - Loaded SER file: E:\test\Kiro_ser\ser\2022-10-25-0055_2.ser
2026-01-30 14:32:56,736 - src.gui.main_window - INFO - Saved enhanced image to: E:/test/Kiro_ser/image/2025-01-10-220715-Lunar-RAW_average_original_20260130_102032_enhanced.png
2026-01-30 14:42:00,395 - src.gui.main_window - INFO - CYYM file detected. Camera: ZWO ASI183MC                            , Auto-selected pattern: YCMY
2026-01-30 14:42:01,019 - src.gui.main_window - INFO - Loaded SER file: E:\test\Kiro_ser\ser\2022-10-25-0055_2.ser
2026-01-30 14:42:18,856 - src.gui.main_window - INFO - Saved enhanced image to: E:/test/Kiro_ser/image/2025-01-10-220715-Lunar-RAW_average_original_20260130_102032_enhanced.png
2026-01-30 15:07:03,703 - src.gui.main_window - INFO - CYYM file detected. Camera: ZWO ASI183MC                            , Auto-selected pattern: YCMY
2026-01-30 15:07:04,350 - src.gui.main_window - INFO - Loaded SER file: E:\test\Kiro_ser\ser\2022-10-25-0055_2.ser
2026-01-30 15:07:14,056 - src.stacker - INFO - Stacking 8984 frames using average method (align=True)
2026-01-30 15:07:14,056 - src.stacker - INFO - Aligning frames for sharp stacking...
2026-01-30 15:20:40,088 - src.stacker - INFO - Successfully aligned 8984/8984 frames
2026-01-30 15:20:47,268 - src.gui.main_window - INFO - Saved original stacked image to: E:/test/Kiro_ser/image\2022-10-25-0055_2_average_original_20260130_150714.png
2026-01-30 15:21:17,933 - src.gui.main_window - INFO - Saved enhanced stacked image to: E:/test/Kiro_ser/image\2022-10-25-0055_2_average_enhanced_20260130_150714.png
2026-01-30 15:21:18,908 - src.gui.main_window - INFO - Stacked 8984 frames using average method
2026-01-30 19:54:04,745 - src.gui.main_window - INFO - CYYM file detected. Camera: ZWO ASI183MC                            , Auto-selected pattern: YCMY
2026-01-30 19:54:08,181 - src.gui.main_window - INFO - Loaded SER file: E:\test\Kiro_ser\ser\2022-10-25-0055_2.ser
2026-01-30 19:54:14,917 - src.gui.main_window - INFO - Loaded MP4 file: E:/test/Kiro_ser/mp4/2024-07-11-222923-Lunar.mp4
2026-01-30 19:54:25,268 - src.stacker - INFO - MP4 file detected - alignment disabled by default
2026-01-30 19:54:25,268 - src.stacker - INFO - Stacking 8474 frames using average method (align=False)
2026-01-30 20:00:45,879 - src.gui.main_window - INFO - Saved original stacked image to: E:/test/Kiro_ser/image\2024-07-11-222923-Lunar_average_original_20260130_195425.png
2026-01-30 20:02:28,527 - src.gui.main_window - INFO - Saved enhanced stacked image to: E:/test/Kiro_ser/image\2024-07-11-222923-Lunar_average_enhanced_20260130_195425.png
2026-01-30 20:02:29,943 - src.gui.main_window - INFO - Stacked 8474 frames using average method
2026-01-30 20:05:44,823 - src.gui.main_window - INFO - CYYM file detected. Camera: ZWO ASI183MC                            , Auto-selected pattern: YCMY
2026-01-30 20:05:45,500 - src.gui.main_window - INFO - Loaded SER file: E:\test\Kiro_ser\ser\2022-10-25-0055_2.ser
2026-01-30 20:05:53,333 - src.gui.main_window - INFO - Loaded MP4 file: E:/test/Kiro_ser/mp4/2024-07-11-222923-Lunar.mp4
2026-01-30 20:05:59,087 - src.stacker - INFO - MP4 file detected - using lucky imaging
2026-01-30 20:05:59,087 - src.lucky_imaging - INFO - Step 1: Selecting sharpest frames...
2026-01-30 20:05:59,088 - src.lucky_imaging - INFO - Analyzing 8474 frames, will keep best 847 (10.0%)
2026-01-30 20:12:03,469 - src.lucky_imaging - INFO - Selected 847 best frames
2026-01-30 20:12:03,469 - src.lucky_imaging - INFO - Quality range: 18.82 to 20.77
2026-01-30 20:12:21,895 - src.lucky_imaging - INFO - Using frame 0 as reference (quality: 20.77)
2026-01-30 20:12:21,895 - src.lucky_imaging - INFO - Step 2: Aligning frames...
2026-01-30 20:13:23,727 - src.lucky_imaging - INFO - Successfully aligned 847/847 frames
2026-01-30 20:13:23,727 - src.lucky_imaging - INFO - Step 3: Stacking aligned frames...
2026-01-30 20:13:31,478 - src.gui.main_window - INFO - Saved original stacked image to: E:/test/Kiro_ser/image\2024-07-11-222923-Lunar_average_original_20260130_200559.png
2026-01-30 20:14:34,786 - src.gui.main_window - INFO - Saved enhanced stacked image to: E:/test/Kiro_ser/image\2024-07-11-222923-Lunar_average_enhanced_20260130_200559.png
2026-01-30 20:14:36,224 - src.gui.main_window - INFO - Stacked 8474 frames using average method
2026-01-30 20:15:47,676 - src.gui.main_window - INFO - Saved enhanced image to: E:/test/Kiro_ser/image/2024-07-11-222923-Lunar_average_original_20260130_200559_enhanced.png
2026-01-30 20:20:13,931 - src.gui.main_window - INFO - CYYM file detected. Camera: ZWO ASI183MC                            , Auto-selected pattern: YCMY
2026-01-30 20:20:14,604 - src.gui.main_window - INFO - Loaded SER file: E:\test\Kiro_ser\ser\2022-10-25-0055_2.ser
2026-01-30 20:20:52,449 - src.gui.main_window - INFO - Saved enhanced image to: E:/test/Kiro_ser/image/2024-07-11-222923-Lunar_average_original_20260130_200559_enhanced_enhanced.png
